------------------------------------------------------------------------------------
Date: 8/13/2025 -- 10:06:08 (uptime: 0d, 00h 00m 09s)
------------------------------------------------------------------------------------
Counter                                       | TM Name                   | Value
------------------------------------------------------------------------------------
decoder.pkts                                  | Total                     | 1313833
decoder.bytes                                 | Total                     | 1004920316
decoder.ipv4                                  | Total                     | 1337474
decoder.ethernet                              | Total                     | 1313833
decoder.tcp                                   | Total                     | 691485
tcp.syn                                       | Total                     | 4107
tcp.synack                                    | Total                     | 3341
tcp.rst                                       | Total                     | 2284
decoder.udp                                   | Total                     | 598406
decoder.avg_pkt_size                          | Total                     | 764
decoder.max_pkt_size                          | Total                     | 1514
flow.total                                    | Total                     | 8287
flow.tcp                                      | Total                     | 4427
flow.udp                                      | Total                     | 3860
flow.tcp_reuse                                | Total                     | 4
flow.wrk.spare_sync_avg                       | Total                     | 98
flow.wrk.spare_sync                           | Total                     | 66
flow.wrk.spare_sync_incomplete                | Total                     | 12
defrag.ipv4.fragments                         | Total                     | 47583
defrag.ipv4.reassembled                       | Total                     | 23641
flow.wrk.flows_evicted_needs_work             | Total                     | 3058
flow.wrk.flows_evicted_pkt_inject             | Total                     | 4261
flow.wrk.flows_evicted                        | Total                     | 1247
flow.wrk.flows_injected                       | Total                     | 3045
flow.wrk.flows_injected_max                   | Total                     | 6
tcp.sessions                                  | Total                     | 3564
tcp.ssn_from_cache                            | Total                     | 2236
tcp.ssn_from_pool                             | Total                     | 1328
tcp.ack_unseen_data                           | Total                     | 330
tcp.segment_from_cache                        | Total                     | 114601
tcp.segment_from_pool                         | Total                     | 8313
tcp.stream_depth_reached                      | Total                     | 53
tcp.reassembly_gap                            | Total                     | 41
tcp.overlap                                   | Total                     | 632
detect.alert                                  | Total                     | 18
detect.alerts_suppressed                      | Total                     | 337
app_layer.flow.http                           | Total                     | 194
app_layer.tx.http                             | Total                     | 251
app_layer.flow.smtp                           | Total                     | 4
app_layer.tx.smtp                             | Total                     | 4
app_layer.error.smtp.parser                   | Total                     | 4
app_layer.flow.tls                            | Total                     | 2669
app_layer.error.tls.gap                       | Total                     | 41
app_layer.flow.dns_tcp                        | Total                     | 326
app_layer.tx.dns_tcp                          | Total                     | 647
app_layer.flow.ntp                            | Total                     | 48
app_layer.tx.ntp                              | Total                     | 82
app_layer.flow.quic                           | Total                     | 757
app_layer.tx.quic                             | Total                     | 6186
app_layer.flow.snmp                           | Total                     | 36
app_layer.tx.snmp                             | Total                     | 36
app_layer.flow.failed_tcp                     | Total                     | 17
app_layer.flow.dns_udp                        | Total                     | 2928
app_layer.tx.dns_udp                          | Total                     | 5190
app_layer.flow.failed_udp                     | Total                     | 91
flow.end.state.new                            | Total                     | 2421
flow.end.state.established                    | Total                     | 3011
flow.end.state.closed                         | Total                     | 2855
flow.end.tcp_state.syn_sent                   | Total                     | 234
flow.end.tcp_state.established                | Total                     | 277
flow.end.tcp_state.fin_wait1                  | Total                     | 1
flow.end.tcp_state.fin_wait2                  | Total                     | 166
flow.end.tcp_state.time_wait                  | Total                     | 427
flow.end.tcp_state.last_ack                   | Total                     | 42
flow.end.tcp_state.close_wait                 | Total                     | 31
flow.end.tcp_state.closed                     | Total                     | 2386
flow.end.tcp_liberal                          | Total                     | 41
flow.mgr.full_hash_pass                       | Total                     | 33
flow.mgr.rows_per_sec                         | Total                     | 9175
flow.spare                                    | Total                     | 10819
flow.mgr.rows_maxlen                          | Total                     | 3
flow.mgr.flows_checked                        | Total                     | 17102
flow.mgr.flows_notimeout                      | Total                     | 11016
flow.mgr.flows_timeout                        | Total                     | 6086
flow.mgr.flows_evicted                        | Total                     | 6086
flow.mgr.flows_evicted_needs_work             | Total                     | 2392
memcap_pressure                               | Total                     | 14
memcap_pressure_max                           | Total                     | 14
flow.recycler.recycled                        | Total                     | 5144
flow.recycler.queue_max                       | Total                     | 1050
tcp.memuse                                    | Total                     | 9961472
tcp.reassembly_memuse                         | Total                     | 1835008
http.memuse                                   | Total                     | 235576
flow.memuse                                   | Total                     | 7796320
