------------------------------------------------------------------------------------
Date: 8/13/2025 -- 10:07:10 (uptime: 0d, 00h 00m 09s)
------------------------------------------------------------------------------------
Counter                                       | TM Name                   | Value
------------------------------------------------------------------------------------
decoder.pkts                                  | Total                     | 1282922
decoder.bytes                                 | Total                     | 1006320926
decoder.ipv4                                  | Total                     | 1307160
decoder.ethernet                              | Total                     | 1282922
decoder.tcp                                   | Total                     | 357029
tcp.syn                                       | Total                     | 4009
tcp.synack                                    | Total                     | 3407
tcp.rst                                       | Total                     | 2087
decoder.udp                                   | Total                     | 901518
decoder.avg_pkt_size                          | Total                     | 784
decoder.max_pkt_size                          | Total                     | 1514
flow.total                                    | Total                     | 8711
flow.tcp                                      | Total                     | 4318
flow.udp                                      | Total                     | 4393
flow.tcp_reuse                                | Total                     | 5
flow.wrk.spare_sync_avg                       | Total                     | 98
flow.wrk.spare_sync                           | Total                     | 72
flow.wrk.spare_sync_incomplete                | Total                     | 25
defrag.ipv4.fragments                         | Total                     | 48613
defrag.ipv4.reassembled                       | Total                     | 24238
flow.wrk.flows_evicted_needs_work             | Total                     | 3276
flow.wrk.flows_evicted_pkt_inject             | Total                     | 4385
flow.wrk.flows_evicted                        | Total                     | 1221
flow.wrk.flows_injected                       | Total                     | 3261
flow.wrk.flows_injected_max                   | Total                     | 6
tcp.sessions                                  | Total                     | 3554
tcp.ssn_from_cache                            | Total                     | 2310
tcp.ssn_from_pool                             | Total                     | 1244
tcp.pseudo                                    | Total                     | 4
tcp.ack_unseen_data                           | Total                     | 337
tcp.segment_from_cache                        | Total                     | 138566
tcp.segment_from_pool                         | Total                     | 7843
tcp.stream_depth_reached                      | Total                     | 57
tcp.reassembly_gap                            | Total                     | 45
tcp.overlap                                   | Total                     | 1472
detect.alert                                  | Total                     | 313
detect.alerts_suppressed                      | Total                     | 208
app_layer.flow.http                           | Total                     | 224
app_layer.tx.http                             | Total                     | 289
app_layer.flow.smtp                           | Total                     | 4
app_layer.tx.smtp                             | Total                     | 4
app_layer.error.smtp.parser                   | Total                     | 3
app_layer.flow.tls                            | Total                     | 2982
app_layer.error.tls.gap                       | Total                     | 45
app_layer.flow.dns_tcp                        | Total                     | 82
app_layer.tx.dns_tcp                          | Total                     | 160
app_layer.flow.ntp                            | Total                     | 61
app_layer.tx.ntp                              | Total                     | 100
app_layer.flow.quic                           | Total                     | 731
app_layer.tx.quic                             | Total                     | 5475
app_layer.flow.snmp                           | Total                     | 39
app_layer.tx.snmp                             | Total                     | 39
app_layer.flow.failed_tcp                     | Total                     | 5
app_layer.flow.dns_udp                        | Total                     | 3481
app_layer.tx.dns_udp                          | Total                     | 6308
app_layer.flow.failed_udp                     | Total                     | 81
flow.end.state.new                            | Total                     | 2556
flow.end.state.established                    | Total                     | 3173
flow.end.state.closed                         | Total                     | 2982
flow.end.tcp_state.syn_sent                   | Total                     | 188
flow.end.tcp_state.syn_recv                   | Total                     | 7
flow.end.tcp_state.established                | Total                     | 275
flow.end.tcp_state.fin_wait2                  | Total                     | 60
flow.end.tcp_state.time_wait                  | Total                     | 437
flow.end.tcp_state.last_ack                   | Total                     | 63
flow.end.tcp_state.close_wait                 | Total                     | 42
flow.end.tcp_state.closed                     | Total                     | 2482
flow.end.tcp_liberal                          | Total                     | 45
flow.mgr.full_hash_pass                       | Total                     | 45
flow.mgr.rows_per_sec                         | Total                     | 9175
flow.spare                                    | Total                     | 9923
flow.mgr.rows_maxlen                          | Total                     | 3
flow.mgr.flows_checked                        | Total                     | 18537
flow.mgr.flows_notimeout                      | Total                     | 12413
flow.mgr.flows_timeout                        | Total                     | 6124
flow.mgr.flows_evicted                        | Total                     | 6124
flow.mgr.flows_evicted_needs_work             | Total                     | 2405
memcap_pressure                               | Total                     | 14
memcap_pressure_max                           | Total                     | 14
flow.recycler.recycled                        | Total                     | 5326
flow.recycler.queue_max                       | Total                     | 1182
tcp.memuse                                    | Total                     | 9961472
tcp.reassembly_memuse                         | Total                     | 1835008
http.memuse                                   | Total                     | 102456
flow.memuse                                   | Total                     | 7705504
