------------------------------------------------------------------------------------
Date: 8/13/2025 -- 10:06:40 (uptime: 0d, 00h 00m 10s)
------------------------------------------------------------------------------------
Counter                                       | TM Name                   | Value
------------------------------------------------------------------------------------
decoder.pkts                                  | Total                     | 915550
decoder.bytes                                 | Total                     | 1017637921
decoder.ipv4                                  | Total                     | 919595
decoder.ethernet                              | Total                     | 915550
decoder.tcp                                   | Total                     | 68537
tcp.syn                                       | Total                     | 668
tcp.synack                                    | Total                     | 553
tcp.rst                                       | Total                     | 538
decoder.udp                                   | Total                     | 842965
decoder.avg_pkt_size                          | Total                     | 1111
decoder.max_pkt_size                          | Total                     | 1514
flow.total                                    | Total                     | 1961
flow.tcp                                      | Total                     | 1238
flow.udp                                      | Total                     | 723
flow.wrk.spare_sync_avg                       | Total                     | 99
flow.wrk.spare_sync                           | Total                     | 30
flow.wrk.spare_sync_incomplete                | Total                     | 3
defrag.ipv4.fragments                         | Total                     | 8093
defrag.ipv4.reassembled                       | Total                     | 4045
flow.wrk.flows_evicted_needs_work             | Total                     | 536
flow.wrk.flows_evicted_pkt_inject             | Total                     | 762
flow.wrk.flows_evicted                        | Total                     | 34
flow.wrk.flows_injected                       | Total                     | 536
flow.wrk.flows_injected_max                   | Total                     | 2
tcp.sessions                                  | Total                     | 586
tcp.ssn_from_cache                            | Total                     | 143
tcp.ssn_from_pool                             | Total                     | 443
tcp.pseudo                                    | Total                     | 4
tcp.ack_unseen_data                           | Total                     | 68
tcp.segment_from_cache                        | Total                     | 14891
tcp.segment_from_pool                         | Total                     | 2040
tcp.stream_depth_reached                      | Total                     | 8
tcp.reassembly_gap                            | Total                     | 13
tcp.overlap                                   | Total                     | 144
detect.alert                                  | Total                     | 54
detect.alerts_suppressed                      | Total                     | 45
app_layer.flow.http                           | Total                     | 38
app_layer.tx.http                             | Total                     | 38
app_layer.flow.smtp                           | Total                     | 1
app_layer.tx.smtp                             | Total                     | 1
app_layer.flow.tls                            | Total                     | 464
app_layer.error.tls.gap                       | Total                     | 13
app_layer.flow.dns_tcp                        | Total                     | 18
app_layer.tx.dns_tcp                          | Total                     | 36
app_layer.flow.ntp                            | Total                     | 10
app_layer.tx.ntp                              | Total                     | 13
app_layer.flow.quic                           | Total                     | 117
app_layer.tx.quic                             | Total                     | 826
app_layer.flow.snmp                           | Total                     | 8
app_layer.tx.snmp                             | Total                     | 8
app_layer.flow.failed_tcp                     | Total                     | 2
app_layer.flow.dns_udp                        | Total                     | 491
app_layer.tx.dns_udp                          | Total                     | 774
app_layer.flow.failed_udp                     | Total                     | 97
flow.end.state.new                            | Total                     | 983
flow.end.state.established                    | Total                     | 590
flow.end.state.closed                         | Total                     | 388
flow.end.tcp_state.syn_sent                   | Total                     | 35
flow.end.tcp_state.syn_recv                   | Total                     | 1
flow.end.tcp_state.established                | Total                     | 128
flow.end.tcp_state.fin_wait2                  | Total                     | 24
flow.end.tcp_state.time_wait                  | Total                     | 20
flow.end.tcp_state.last_ack                   | Total                     | 8
flow.end.tcp_state.close_wait                 | Total                     | 10
flow.end.tcp_state.closed                     | Total                     | 360
flow.end.tcp_liberal                          | Total                     | 13
flow.mgr.full_hash_pass                       | Total                     | 6
flow.mgr.rows_per_sec                         | Total                     | 9175
flow.spare                                    | Total                     | 9197
flow.mgr.rows_maxlen                          | Total                     | 2
flow.mgr.flows_checked                        | Total                     | 2626
flow.mgr.flows_notimeout                      | Total                     | 2072
flow.mgr.flows_timeout                        | Total                     | 554
flow.mgr.flows_evicted                        | Total                     | 554
flow.mgr.flows_evicted_needs_work             | Total                     | 161
memcap_pressure                               | Total                     | 14
memcap_pressure_max                           | Total                     | 14
flow.recycler.recycled                        | Total                     | 1419
flow.recycler.queue_max                       | Total                     | 676
tcp.memuse                                    | Total                     | 9961472
tcp.reassembly_memuse                         | Total                     | 1835008
flow.memuse                                   | Total                     | 7309504
