------------------------------------------------------------------------------------
Date: 8/13/2025 -- 10:07:13 (uptime: 0d, 00h 00m 09s)
------------------------------------------------------------------------------------
Counter                                       | TM Name                   | Value
------------------------------------------------------------------------------------
decoder.pkts                                  | Total                     | 1167585
decoder.bytes                                 | Total                     | 912308578
decoder.ipv4                                  | Total                     | 1186796
decoder.ethernet                              | Total                     | 1167585
decoder.tcp                                   | Total                     | 355630
tcp.syn                                       | Total                     | 3151
tcp.synack                                    | Total                     | 2711
tcp.rst                                       | Total                     | 1505
decoder.udp                                   | Total                     | 792661
decoder.avg_pkt_size                          | Total                     | 781
decoder.max_pkt_size                          | Total                     | 1514
flow.total                                    | Total                     | 7804
flow.tcp                                      | Total                     | 3465
flow.udp                                      | Total                     | 4339
flow.tcp_reuse                                | Total                     | 3
flow.wrk.spare_sync_avg                       | Total                     | 99
flow.wrk.spare_sync                           | Total                     | 64
flow.wrk.spare_sync_incomplete                | Total                     | 8
defrag.ipv4.fragments                         | Total                     | 38505
defrag.ipv4.reassembled                       | Total                     | 19211
flow.wrk.flows_evicted_needs_work             | Total                     | 2572
flow.wrk.flows_evicted_pkt_inject             | Total                     | 3491
flow.wrk.flows_evicted                        | Total                     | 1236
flow.wrk.flows_injected                       | Total                     | 2556
flow.wrk.flows_injected_max                   | Total                     | 9
tcp.sessions                                  | Total                     | 2790
tcp.ssn_from_cache                            | Total                     | 1420
tcp.ssn_from_pool                             | Total                     | 1370
tcp.pseudo                                    | Total                     | 2
tcp.ack_unseen_data                           | Total                     | 395
tcp.segment_from_cache                        | Total                     | 85002
tcp.segment_from_pool                         | Total                     | 5443
tcp.stream_depth_reached                      | Total                     | 28
tcp.reassembly_gap                            | Total                     | 33
tcp.overlap                                   | Total                     | 361
detect.alert                                  | Total                     | 262
detect.alerts_suppressed                      | Total                     | 184
app_layer.flow.http                           | Total                     | 164
app_layer.tx.http                             | Total                     | 189
app_layer.flow.smtp                           | Total                     | 1
app_layer.tx.smtp                             | Total                     | 1
app_layer.flow.tls                            | Total                     | 2350
app_layer.error.tls.gap                       | Total                     | 33
app_layer.flow.dns_tcp                        | Total                     | 56
app_layer.tx.dns_tcp                          | Total                     | 111
app_layer.flow.ntp                            | Total                     | 50
app_layer.tx.ntp                              | Total                     | 80
app_layer.flow.quic                           | Total                     | 769
app_layer.tx.quic                             | Total                     | 6134
app_layer.flow.snmp                           | Total                     | 32
app_layer.tx.snmp                             | Total                     | 32
app_layer.flow.failed_tcp                     | Total                     | 10
app_layer.flow.dns_udp                        | Total                     | 3408
app_layer.tx.dns_udp                          | Total                     | 6309
app_layer.flow.failed_udp                     | Total                     | 80
flow.end.state.new                            | Total                     | 2114
flow.end.state.established                    | Total                     | 3591
flow.end.state.closed                         | Total                     | 2099
flow.end.tcp_state.syn_sent                   | Total                     | 161
flow.end.tcp_state.syn_recv                   | Total                     | 22
flow.end.tcp_state.established                | Total                     | 306
flow.end.tcp_state.fin_wait1                  | Total                     | 1
flow.end.tcp_state.fin_wait2                  | Total                     | 165
flow.end.tcp_state.time_wait                  | Total                     | 245
flow.end.tcp_state.last_ack                   | Total                     | 58
flow.end.tcp_state.close_wait                 | Total                     | 36
flow.end.tcp_state.closed                     | Total                     | 1796
flow.end.tcp_liberal                          | Total                     | 33
flow.mgr.full_hash_pass                       | Total                     | 28
flow.mgr.rows_per_sec                         | Total                     | 9175
flow.spare                                    | Total                     | 11039
flow.mgr.rows_maxlen                          | Total                     | 3
flow.mgr.flows_checked                        | Total                     | 15079
flow.mgr.flows_notimeout                      | Total                     | 9553
flow.mgr.flows_timeout                        | Total                     | 5526
flow.mgr.flows_evicted                        | Total                     | 5526
flow.mgr.flows_evicted_needs_work             | Total                     | 1912
memcap_pressure                               | Total                     | 14
memcap_pressure_max                           | Total                     | 14
flow.recycler.recycled                        | Total                     | 5086
flow.recycler.queue_max                       | Total                     | 725
tcp.memuse                                    | Total                     | 9961472
tcp.reassembly_memuse                         | Total                     | 1835008
flow.memuse                                   | Total                     | 7836976
