------------------------------------------------------------------------------------
Date: 8/13/2025 -- 10:06:18 (uptime: 0d, 00h 00m 11s)
------------------------------------------------------------------------------------
Counter                                       | TM Name                   | Value
------------------------------------------------------------------------------------
decoder.pkts                                  | Total                     | 899694
decoder.bytes                                 | Total                     | 1018151985
decoder.ipv4                                  | Total                     | 903607
decoder.ethernet                              | Total                     | 899694
decoder.tcp                                   | Total                     | 60796
tcp.syn                                       | Total                     | 373
tcp.synack                                    | Total                     | 314
tcp.rst                                       | Total                     | 104
decoder.udp                                   | Total                     | 834982
decoder.avg_pkt_size                          | Total                     | 1131
decoder.max_pkt_size                          | Total                     | 1514
flow.total                                    | Total                     | 1469
flow.tcp                                      | Total                     | 912
flow.udp                                      | Total                     | 557
flow.wrk.spare_sync_avg                       | Total                     | 100
flow.wrk.spare_sync                           | Total                     | 19
defrag.ipv4.fragments                         | Total                     | 7829
defrag.ipv4.reassembled                       | Total                     | 3913
flow.wrk.flows_evicted_needs_work             | Total                     | 311
flow.wrk.flows_evicted_pkt_inject             | Total                     | 540
flow.wrk.flows_evicted                        | Total                     | 2
flow.wrk.flows_injected                       | Total                     | 311
flow.wrk.flows_injected_max                   | Total                     | 1
tcp.sessions                                  | Total                     | 332
tcp.ssn_from_cache                            | Total                     | 10
tcp.ssn_from_pool                             | Total                     | 322
tcp.ack_unseen_data                           | Total                     | 64
tcp.segment_from_cache                        | Total                     | 11471
tcp.segment_from_pool                         | Total                     | 1442
tcp.stream_depth_reached                      | Total                     | 7
tcp.reassembly_gap                            | Total                     | 22
tcp.overlap                                   | Total                     | 137
detect.alert                                  | Total                     | 48
detect.alerts_suppressed                      | Total                     | 19
app_layer.flow.http                           | Total                     | 26
app_layer.tx.http                             | Total                     | 29
app_layer.flow.tls                            | Total                     | 283
app_layer.error.tls.gap                       | Total                     | 6
app_layer.flow.ntp                            | Total                     | 5
app_layer.tx.ntp                              | Total                     | 5
app_layer.flow.quic                           | Total                     | 91
app_layer.tx.quic                             | Total                     | 704
app_layer.flow.snmp                           | Total                     | 3
app_layer.tx.snmp                             | Total                     | 3
app_layer.flow.failed_tcp                     | Total                     | 2
app_layer.flow.dns_udp                        | Total                     | 374
app_layer.tx.dns_udp                          | Total                     | 634
app_layer.flow.failed_udp                     | Total                     | 84
flow.end.state.new                            | Total                     | 779
flow.end.state.established                    | Total                     | 587
flow.end.state.closed                         | Total                     | 103
flow.end.tcp_state.syn_sent                   | Total                     | 18
flow.end.tcp_state.established                | Total                     | 172
flow.end.tcp_state.fin_wait2                  | Total                     | 36
flow.end.tcp_state.last_ack                   | Total                     | 6
flow.end.tcp_state.close_wait                 | Total                     | 3
flow.end.tcp_state.closed                     | Total                     | 97
flow.end.tcp_liberal                          | Total                     | 7
flow.mgr.full_hash_pass                       | Total                     | 7
flow.mgr.rows_per_sec                         | Total                     | 9175
flow.spare                                    | Total                     | 9973
flow.mgr.rows_maxlen                          | Total                     | 2
flow.mgr.flows_checked                        | Total                     | 2001
flow.mgr.flows_notimeout                      | Total                     | 1806
flow.mgr.flows_timeout                        | Total                     | 195
flow.mgr.flows_evicted                        | Total                     | 195
flow.mgr.flows_evicted_needs_work             | Total                     | 15
memcap_pressure                               | Total                     | 14
memcap_pressure_max                           | Total                     | 14
flow.recycler.recycled                        | Total                     | 1158
flow.recycler.queue_max                       | Total                     | 550
tcp.memuse                                    | Total                     | 9961472
tcp.reassembly_memuse                         | Total                     | 1835008
flow.memuse                                   | Total                     | 7283104
