------------------------------------------------------------------------------------
Date: 8/13/2025 -- 10:05:24 (uptime: 0d, 00h 00m 11s)
------------------------------------------------------------------------------------
Counter                                       | TM Name                   | Value
------------------------------------------------------------------------------------
decoder.pkts                                  | Total                     | 1456948
decoder.bytes                                 | Total                     | 1000185196
decoder.ipv4                                  | Total                     | 1614970
decoder.ethernet                              | Total                     | 1456948
decoder.tcp                                   | Total                     | 641685
tcp.syn                                       | Total                     | 5142
tcp.synack                                    | Total                     | 4013
tcp.rst                                       | Total                     | 4068
decoder.udp                                   | Total                     | 656809
decoder.avg_pkt_size                          | Total                     | 686
decoder.max_pkt_size                          | Total                     | 1514
flow.total                                    | Total                     | 9837
flow.tcp                                      | Total                     | 4980
flow.udp                                      | Total                     | 4857
flow.tcp_reuse                                | Total                     | 3
flow.wrk.spare_sync_avg                       | Total                     | 98
flow.wrk.spare_sync                           | Total                     | 69
flow.wrk.spare_sync_incomplete                | Total                     | 11
defrag.ipv4.fragments                         | Total                     | 316476
defrag.ipv4.reassembled                       | Total                     | 158022
flow.wrk.flows_evicted_needs_work             | Total                     | 3988
flow.wrk.flows_evicted_pkt_inject             | Total                     | 5454
flow.wrk.flows_evicted                        | Total                     | 2370
flow.wrk.flows_injected                       | Total                     | 3949
flow.wrk.flows_injected_max                   | Total                     | 14
tcp.sessions                                  | Total                     | 4312
tcp.ssn_from_cache                            | Total                     | 2782
tcp.ssn_from_pool                             | Total                     | 1530
tcp.ack_unseen_data                           | Total                     | 687
tcp.segment_from_cache                        | Total                     | 144791
tcp.segment_from_pool                         | Total                     | 8093
tcp.stream_depth_reached                      | Total                     | 55
tcp.reassembly_gap                            | Total                     | 73
tcp.overlap                                   | Total                     | 640
detect.alert                                  | Total                     | 9
detect.alerts_suppressed                      | Total                     | 257
app_layer.flow.http                           | Total                     | 272
app_layer.tx.http                             | Total                     | 371
app_layer.flow.smtp                           | Total                     | 1
app_layer.tx.smtp                             | Total                     | 1
app_layer.error.smtp.parser                   | Total                     | 1
app_layer.flow.tls                            | Total                     | 3471
app_layer.error.tls.gap                       | Total                     | 66
app_layer.flow.dns_tcp                        | Total                     | 55
app_layer.tx.dns_tcp                          | Total                     | 109
app_layer.flow.ntp                            | Total                     | 70
app_layer.tx.ntp                              | Total                     | 128
app_layer.flow.quic                           | Total                     | 846
app_layer.tx.quic                             | Total                     | 6902
app_layer.flow.snmp                           | Total                     | 57
app_layer.tx.snmp                             | Total                     | 57
app_layer.flow.failed_tcp                     | Total                     | 12
app_layer.flow.dns_udp                        | Total                     | 3801
app_layer.tx.dns_udp                          | Total                     | 6401
app_layer.flow.failed_udp                     | Total                     | 83
flow.end.state.new                            | Total                     | 3022
flow.end.state.established                    | Total                     | 3285
flow.end.state.closed                         | Total                     | 3530
flow.end.tcp_state.syn_sent                   | Total                     | 347
flow.end.tcp_state.syn_recv                   | Total                     | 5
flow.end.tcp_state.established                | Total                     | 205
flow.end.tcp_state.fin_wait1                  | Total                     | 3
flow.end.tcp_state.fin_wait2                  | Total                     | 172
flow.end.tcp_state.time_wait                  | Total                     | 634
flow.end.tcp_state.last_ack                   | Total                     | 69
flow.end.tcp_state.close_wait                 | Total                     | 50
flow.end.tcp_state.closed                     | Total                     | 2827
flow.end.tcp_liberal                          | Total                     | 67
flow.mgr.full_hash_pass                       | Total                     | 39
flow.mgr.rows_per_sec                         | Total                     | 9175
flow.spare                                    | Total                     | 10947
flow.mgr.rows_maxlen                          | Total                     | 3
flow.mgr.flows_checked                        | Total                     | 20456
flow.mgr.flows_notimeout                      | Total                     | 12314
flow.mgr.flows_timeout                        | Total                     | 8142
flow.mgr.flows_evicted                        | Total                     | 8142
flow.mgr.flows_evicted_needs_work             | Total                     | 3446
memcap_pressure                               | Total                     | 14
memcap_pressure_max                           | Total                     | 14
flow.recycler.recycled                        | Total                     | 5672
flow.recycler.queue_max                       | Total                     | 651
tcp.memuse                                    | Total                     | 9961472
tcp.reassembly_memuse                         | Total                     | 1835008
flow.memuse                                   | Total                     | 7620760
