------------------------------------------------------------------------------------
Date: 8/13/2025 -- 10:06:36 (uptime: 0d, 00h 00m 10s)
------------------------------------------------------------------------------------
Counter                                       | TM Name                   | Value
------------------------------------------------------------------------------------
decoder.pkts                                  | Total                     | 928930
decoder.bytes                                 | Total                     | 1017236898
decoder.ipv4                                  | Total                     | 932748
decoder.ethernet                              | Total                     | 928930
decoder.tcp                                   | Total                     | 128412
tcp.syn                                       | Total                     | 666
tcp.synack                                    | Total                     | 574
tcp.rst                                       | Total                     | 497
decoder.udp                                   | Total                     | 796700
decoder.avg_pkt_size                          | Total                     | 1095
decoder.max_pkt_size                          | Total                     | 1514
flow.total                                    | Total                     | 2079
flow.tcp                                      | Total                     | 1241
flow.udp                                      | Total                     | 838
flow.wrk.spare_sync_avg                       | Total                     | 99
flow.wrk.spare_sync                           | Total                     | 31
flow.wrk.spare_sync_incomplete                | Total                     | 1
defrag.ipv4.fragments                         | Total                     | 7636
defrag.ipv4.reassembled                       | Total                     | 3818
flow.wrk.flows_evicted_needs_work             | Total                     | 543
flow.wrk.flows_evicted_pkt_inject             | Total                     | 794
flow.wrk.flows_evicted                        | Total                     | 30
flow.wrk.flows_injected                       | Total                     | 543
flow.wrk.flows_injected_max                   | Total                     | 2
tcp.sessions                                  | Total                     | 600
tcp.ssn_from_cache                            | Total                     | 104
tcp.ssn_from_pool                             | Total                     | 496
tcp.ack_unseen_data                           | Total                     | 40
tcp.segment_from_cache                        | Total                     | 31870
tcp.segment_from_pool                         | Total                     | 2794
tcp.stream_depth_reached                      | Total                     | 9
tcp.reassembly_gap                            | Total                     | 10
tcp.overlap                                   | Total                     | 530
detect.alert                                  | Total                     | 52
detect.alerts_suppressed                      | Total                     | 36
app_layer.flow.http                           | Total                     | 30
app_layer.tx.http                             | Total                     | 30
app_layer.flow.tls                            | Total                     | 518
app_layer.error.tls.gap                       | Total                     | 10
app_layer.flow.dns_tcp                        | Total                     | 20
app_layer.tx.dns_tcp                          | Total                     | 40
app_layer.flow.ntp                            | Total                     | 17
app_layer.tx.ntp                              | Total                     | 20
app_layer.flow.quic                           | Total                     | 155
app_layer.tx.quic                             | Total                     | 1194
app_layer.flow.snmp                           | Total                     | 6
app_layer.tx.snmp                             | Total                     | 6
app_layer.flow.dns_udp                        | Total                     | 579
app_layer.tx.dns_udp                          | Total                     | 1020
app_layer.flow.failed_udp                     | Total                     | 81
flow.end.state.new                            | Total                     | 909
flow.end.state.established                    | Total                     | 828
flow.end.state.closed                         | Total                     | 342
flow.end.tcp_state.syn_sent                   | Total                     | 28
flow.end.tcp_state.established                | Total                     | 215
flow.end.tcp_state.fin_wait2                  | Total                     | 14
flow.end.tcp_state.last_ack                   | Total                     | 5
flow.end.tcp_state.close_wait                 | Total                     | 1
flow.end.tcp_state.closed                     | Total                     | 337
flow.end.tcp_liberal                          | Total                     | 10
flow.mgr.full_hash_pass                       | Total                     | 10
flow.mgr.rows_per_sec                         | Total                     | 9175
flow.spare                                    | Total                     | 10170
flow.mgr.rows_maxlen                          | Total                     | 2
flow.mgr.flows_checked                        | Total                     | 3385
flow.mgr.flows_notimeout                      | Total                     | 2723
flow.mgr.flows_timeout                        | Total                     | 662
flow.mgr.flows_evicted                        | Total                     | 662
flow.mgr.flows_evicted_needs_work             | Total                     | 156
memcap_pressure                               | Total                     | 14
memcap_pressure_max                           | Total                     | 14
flow.recycler.recycled                        | Total                     | 1536
flow.recycler.queue_max                       | Total                     | 830
tcp.memuse                                    | Total                     | 9961472
tcp.reassembly_memuse                         | Total                     | 1835008
flow.memuse                                   | Total                     | 7573504
