------------------------------------------------------------------------------------
Date: 8/13/2025 -- 10:06:37 (uptime: 0d, 00h 00m 11s)
------------------------------------------------------------------------------------
Counter                                       | TM Name                   | Value
------------------------------------------------------------------------------------
decoder.pkts                                  | Total                     | 911561
decoder.bytes                                 | Total                     | 1017790381
decoder.ipv4                                  | Total                     | 915378
decoder.ethernet                              | Total                     | 911561
decoder.tcp                                   | Total                     | 96669
tcp.syn                                       | Total                     | 570
tcp.synack                                    | Total                     | 471
tcp.rst                                       | Total                     | 162
decoder.udp                                   | Total                     | 811074
decoder.avg_pkt_size                          | Total                     | 1116
decoder.max_pkt_size                          | Total                     | 1514
flow.total                                    | Total                     | 1773
flow.tcp                                      | Total                     | 986
flow.udp                                      | Total                     | 787
flow.wrk.spare_sync_avg                       | Total                     | 99
flow.wrk.spare_sync                           | Total                     | 25
flow.wrk.spare_sync_incomplete                | Total                     | 2
defrag.ipv4.fragments                         | Total                     | 7635
defrag.ipv4.reassembled                       | Total                     | 3817
flow.wrk.flows_evicted_needs_work             | Total                     | 462
flow.wrk.flows_evicted_pkt_inject             | Total                     | 760
flow.wrk.flows_evicted                        | Total                     | 10
flow.wrk.flows_injected                       | Total                     | 462
flow.wrk.flows_injected_max                   | Total                     | 1
tcp.sessions                                  | Total                     | 496
tcp.ssn_from_cache                            | Total                     | 54
tcp.ssn_from_pool                             | Total                     | 442
tcp.ack_unseen_data                           | Total                     | 61
tcp.segment_from_cache                        | Total                     | 17554
tcp.segment_from_pool                         | Total                     | 2120
tcp.stream_depth_reached                      | Total                     | 5
tcp.reassembly_gap                            | Total                     | 6
tcp.overlap                                   | Total                     | 19
detect.alert                                  | Total                     | 47
detect.alerts_suppressed                      | Total                     | 27
app_layer.flow.http                           | Total                     | 22
app_layer.tx.http                             | Total                     | 22
app_layer.flow.smtp                           | Total                     | 1
app_layer.tx.smtp                             | Total                     | 1
app_layer.error.smtp.parser                   | Total                     | 1
app_layer.flow.tls                            | Total                     | 415
app_layer.error.tls.gap                       | Total                     | 6
app_layer.error.tls.parser                    | Total                     | 1
app_layer.flow.dns_tcp                        | Total                     | 16
app_layer.tx.dns_tcp                          | Total                     | 31
app_layer.flow.ntp                            | Total                     | 29
app_layer.tx.ntp                              | Total                     | 32
app_layer.flow.quic                           | Total                     | 140
app_layer.tx.quic                             | Total                     | 976
app_layer.flow.snmp                           | Total                     | 6
app_layer.tx.snmp                             | Total                     | 6
app_layer.flow.failed_tcp                     | Total                     | 1
app_layer.flow.dns_udp                        | Total                     | 529
app_layer.tx.dns_udp                          | Total                     | 886
app_layer.flow.failed_udp                     | Total                     | 83
flow.end.state.new                            | Total                     | 796
flow.end.state.established                    | Total                     | 790
flow.end.state.closed                         | Total                     | 187
flow.end.tcp_state.syn_sent                   | Total                     | 33
flow.end.tcp_state.syn_recv                   | Total                     | 4
flow.end.tcp_state.established                | Total                     | 191
flow.end.tcp_state.fin_wait2                  | Total                     | 80
flow.end.tcp_state.last_ack                   | Total                     | 5
flow.end.tcp_state.close_wait                 | Total                     | 1
flow.end.tcp_state.closed                     | Total                     | 182
flow.end.tcp_liberal                          | Total                     | 6
flow.mgr.full_hash_pass                       | Total                     | 7
flow.mgr.rows_per_sec                         | Total                     | 9175
flow.spare                                    | Total                     | 9549
flow.mgr.rows_maxlen                          | Total                     | 2
flow.mgr.flows_checked                        | Total                     | 2513
flow.mgr.flows_notimeout                      | Total                     | 2114
flow.mgr.flows_timeout                        | Total                     | 399
flow.mgr.flows_evicted                        | Total                     | 399
flow.mgr.flows_evicted_needs_work             | Total                     | 55
memcap_pressure                               | Total                     | 14
memcap_pressure_max                           | Total                     | 14
flow.recycler.recycled                        | Total                     | 1308
flow.recycler.queue_max                       | Total                     | 664
tcp.memuse                                    | Total                     | 9961472
tcp.reassembly_memuse                         | Total                     | 1835008
flow.memuse                                   | Total                     | 7283104
