------------------------------------------------------------------------------------
Date: 8/13/2025 -- 10:05:12 (uptime: 0d, 00h 00m 09s)
------------------------------------------------------------------------------------
Counter                                       | TM Name                   | Value
------------------------------------------------------------------------------------
decoder.pkts                                  | Total                     | 1346202
decoder.bytes                                 | Total                     | 1003680391
decoder.ipv4                                  | Total                     | 1372536
decoder.ethernet                              | Total                     | 1346202
decoder.tcp                                   | Total                     | 622978
tcp.syn                                       | Total                     | 3891
tcp.synack                                    | Total                     | 3450
tcp.rst                                       | Total                     | 2235
decoder.udp                                   | Total                     | 696875
decoder.avg_pkt_size                          | Total                     | 745
decoder.max_pkt_size                          | Total                     | 1514
flow.total                                    | Total                     | 8278
flow.tcp                                      | Total                     | 4319
flow.udp                                      | Total                     | 3959
flow.tcp_reuse                                | Total                     | 1
flow.wrk.spare_sync_avg                       | Total                     | 99
flow.wrk.spare_sync                           | Total                     | 67
flow.wrk.spare_sync_incomplete                | Total                     | 9
defrag.ipv4.fragments                         | Total                     | 52683
defrag.ipv4.reassembled                       | Total                     | 26334
flow.wrk.flows_evicted_needs_work             | Total                     | 3132
flow.wrk.flows_evicted_pkt_inject             | Total                     | 4440
flow.wrk.flows_evicted                        | Total                     | 1237
flow.wrk.flows_injected                       | Total                     | 3094
flow.wrk.flows_injected_max                   | Total                     | 15
tcp.sessions                                  | Total                     | 3485
tcp.ssn_from_cache                            | Total                     | 1742
tcp.ssn_from_pool                             | Total                     | 1743
tcp.pseudo                                    | Total                     | 4
tcp.ack_unseen_data                           | Total                     | 1786
tcp.segment_from_cache                        | Total                     | 121766
tcp.segment_from_pool                         | Total                     | 9444
tcp.stream_depth_reached                      | Total                     | 46
tcp.reassembly_gap                            | Total                     | 44
tcp.overlap                                   | Total                     | 1663
detect.alert                                  | Total                     | 25
detect.alerts_suppressed                      | Total                     | 209
app_layer.flow.http                           | Total                     | 377
app_layer.tx.http                             | Total                     | 586
app_layer.flow.smtp                           | Total                     | 3
app_layer.tx.smtp                             | Total                     | 3
app_layer.flow.tls                            | Total                     | 2768
app_layer.error.tls.gap                       | Total                     | 44
app_layer.flow.dns_tcp                        | Total                     | 53
app_layer.tx.dns_tcp                          | Total                     | 106
app_layer.flow.ntp                            | Total                     | 54
app_layer.tx.ntp                              | Total                     | 89
app_layer.flow.quic                           | Total                     | 630
app_layer.tx.quic                             | Total                     | 4725
app_layer.flow.snmp                           | Total                     | 36
app_layer.tx.snmp                             | Total                     | 36
app_layer.flow.failed_tcp                     | Total                     | 16
app_layer.flow.dns_udp                        | Total                     | 3138
app_layer.tx.dns_udp                          | Total                     | 5653
app_layer.flow.failed_udp                     | Total                     | 101
flow.end.state.new                            | Total                     | 2354
flow.end.state.established                    | Total                     | 3273
flow.end.state.closed                         | Total                     | 2651
flow.end.tcp_state.syn_sent                   | Total                     | 153
flow.end.tcp_state.syn_recv                   | Total                     | 12
flow.end.tcp_state.established                | Total                     | 445
flow.end.tcp_state.fin_wait1                  | Total                     | 5
flow.end.tcp_state.fin_wait2                  | Total                     | 181
flow.end.tcp_state.time_wait                  | Total                     | 359
flow.end.tcp_state.last_ack                   | Total                     | 36
flow.end.tcp_state.close_wait                 | Total                     | 38
flow.end.tcp_state.closed                     | Total                     | 2256
flow.end.tcp_liberal                          | Total                     | 44
flow.mgr.full_hash_pass                       | Total                     | 22
flow.mgr.rows_per_sec                         | Total                     | 9175
flow.spare                                    | Total                     | 10385
flow.mgr.rows_maxlen                          | Total                     | 3
flow.mgr.flows_checked                        | Total                     | 13292
flow.mgr.flows_notimeout                      | Total                     | 7758
flow.mgr.flows_timeout                        | Total                     | 5534
flow.mgr.flows_evicted                        | Total                     | 5534
flow.mgr.flows_evicted_needs_work             | Total                     | 2194
memcap_pressure                               | Total                     | 14
memcap_pressure_max                           | Total                     | 14
flow.recycler.recycled                        | Total                     | 4981
flow.recycler.queue_max                       | Total                     | 889
tcp.memuse                                    | Total                     | 9961472
tcp.reassembly_memuse                         | Total                     | 1835008
http.memuse                                   | Total                     | 524400
flow.memuse                                   | Total                     | 7807144
