------------------------------------------------------------------------------------
Date: 8/13/2025 -- 10:05:56 (uptime: 0d, 00h 00m 11s)
------------------------------------------------------------------------------------
Counter                                       | TM Name                   | Value
------------------------------------------------------------------------------------
decoder.pkts                                  | Total                     | 1360945
decoder.bytes                                 | Total                     | 1003484102
decoder.ipv4                                  | Total                     | 1390131
decoder.ethernet                              | Total                     | 1360945
decoder.tcp                                   | Total                     | 725001
tcp.syn                                       | Total                     | 4882
tcp.synack                                    | Total                     | 4153
tcp.rst                                       | Total                     | 2956
decoder.udp                                   | Total                     | 606751
decoder.avg_pkt_size                          | Total                     | 737
decoder.max_pkt_size                          | Total                     | 1514
flow.total                                    | Total                     | 10501
flow.tcp                                      | Total                     | 5042
flow.udp                                      | Total                     | 5459
flow.tcp_reuse                                | Total                     | 1
flow.wrk.spare_sync_avg                       | Total                     | 98
flow.wrk.spare_sync                           | Total                     | 81
flow.wrk.spare_sync_incomplete                | Total                     | 12
defrag.ipv4.fragments                         | Total                     | 58379
defrag.ipv4.reassembled                       | Total                     | 29186
flow.wrk.flows_evicted_needs_work             | Total                     | 3811
flow.wrk.flows_evicted_pkt_inject             | Total                     | 5134
flow.wrk.flows_evicted                        | Total                     | 2214
flow.wrk.flows_injected                       | Total                     | 3770
flow.wrk.flows_injected_max                   | Total                     | 16
tcp.sessions                                  | Total                     | 4315
tcp.ssn_from_cache                            | Total                     | 2320
tcp.ssn_from_pool                             | Total                     | 1995
tcp.pseudo                                    | Total                     | 4
tcp.ack_unseen_data                           | Total                     | 394
tcp.segment_from_cache                        | Total                     | 146422
tcp.segment_from_pool                         | Total                     | 7897
tcp.stream_depth_reached                      | Total                     | 41
tcp.reassembly_gap                            | Total                     | 85
tcp.overlap                                   | Total                     | 457
detect.alert                                  | Total                     | 23
detect.alerts_suppressed                      | Total                     | 384
app_layer.flow.http                           | Total                     | 311
app_layer.tx.http                             | Total                     | 459
app_layer.flow.smtp                           | Total                     | 4
app_layer.tx.smtp                             | Total                     | 4
app_layer.error.smtp.parser                   | Total                     | 2
app_layer.flow.tls                            | Total                     | 3450
app_layer.error.tls.gap                       | Total                     | 51
app_layer.flow.dns_tcp                        | Total                     | 216
app_layer.tx.dns_tcp                          | Total                     | 432
app_layer.flow.ntp                            | Total                     | 71
app_layer.tx.ntp                              | Total                     | 114
app_layer.flow.quic                           | Total                     | 1046
app_layer.tx.quic                             | Total                     | 8467
app_layer.flow.snmp                           | Total                     | 45
app_layer.tx.snmp                             | Total                     | 45
app_layer.flow.failed_tcp                     | Total                     | 6
app_layer.flow.dns_udp                        | Total                     | 4193
app_layer.tx.dns_udp                          | Total                     | 7906
app_layer.flow.failed_udp                     | Total                     | 104
flow.end.state.new                            | Total                     | 2739
flow.end.state.established                    | Total                     | 4226
flow.end.state.closed                         | Total                     | 3536
flow.end.tcp_state.syn_sent                   | Total                     | 228
flow.end.tcp_state.syn_recv                   | Total                     | 11
flow.end.tcp_state.established                | Total                     | 317
flow.end.tcp_state.fin_wait1                  | Total                     | 3
flow.end.tcp_state.fin_wait2                  | Total                     | 172
flow.end.tcp_state.time_wait                  | Total                     | 482
flow.end.tcp_state.last_ack                   | Total                     | 116
flow.end.tcp_state.close_wait                 | Total                     | 48
flow.end.tcp_state.closed                     | Total                     | 2938
flow.end.tcp_liberal                          | Total                     | 52
flow.mgr.full_hash_pass                       | Total                     | 42
flow.mgr.rows_per_sec                         | Total                     | 9175
flow.spare                                    | Total                     | 10654
flow.mgr.rows_maxlen                          | Total                     | 3
flow.mgr.flows_checked                        | Total                     | 20399
flow.mgr.flows_notimeout                      | Total                     | 12247
flow.mgr.flows_timeout                        | Total                     | 8152
flow.mgr.flows_evicted                        | Total                     | 8152
flow.mgr.flows_evicted_needs_work             | Total                     | 3107
memcap_pressure                               | Total                     | 14
memcap_pressure_max                           | Total                     | 14
flow.recycler.recycled                        | Total                     | 6483
flow.recycler.queue_max                       | Total                     | 1113
tcp.memuse                                    | Total                     | 9961472
tcp.reassembly_memuse                         | Total                     | 1835008
flow.memuse                                   | Total                     | 7790512
