------------------------------------------------------------------------------------
Date: 8/13/2025 -- 10:06:47 (uptime: 0d, 00h 00m 10s)
------------------------------------------------------------------------------------
Counter                                       | TM Name                   | Value
------------------------------------------------------------------------------------
decoder.pkts                                  | Total                     | 952061
decoder.bytes                                 | Total                     | 1016464869
decoder.ipv4                                  | Total                     | 959937
decoder.ethernet                              | Total                     | 952061
decoder.tcp                                   | Total                     | 91116
tcp.syn                                       | Total                     | 1021
tcp.synack                                    | Total                     | 848
tcp.rst                                       | Total                     | 603
decoder.udp                                   | Total                     | 853063
decoder.avg_pkt_size                          | Total                     | 1067
decoder.max_pkt_size                          | Total                     | 1514
flow.total                                    | Total                     | 2800
flow.tcp                                      | Total                     | 1488
flow.udp                                      | Total                     | 1312
flow.tcp_reuse                                | Total                     | 1
flow.wrk.spare_sync_avg                       | Total                     | 99
flow.wrk.spare_sync                           | Total                     | 32
flow.wrk.spare_sync_incomplete                | Total                     | 1
defrag.ipv4.fragments                         | Total                     | 15758
defrag.ipv4.reassembled                       | Total                     | 7876
flow.wrk.flows_evicted_needs_work             | Total                     | 797
flow.wrk.flows_evicted_pkt_inject             | Total                     | 1236
flow.wrk.flows_evicted                        | Total                     | 118
flow.wrk.flows_injected                       | Total                     | 795
flow.wrk.flows_injected_max                   | Total                     | 5
tcp.sessions                                  | Total                     | 900
tcp.ssn_from_cache                            | Total                     | 223
tcp.ssn_from_pool                             | Total                     | 677
tcp.ack_unseen_data                           | Total                     | 107
tcp.segment_from_cache                        | Total                     | 23752
tcp.segment_from_pool                         | Total                     | 2291
tcp.stream_depth_reached                      | Total                     | 8
tcp.reassembly_gap                            | Total                     | 17
tcp.overlap                                   | Total                     | 211
detect.alert                                  | Total                     | 85
detect.alerts_suppressed                      | Total                     | 240
app_layer.flow.http                           | Total                     | 61
app_layer.tx.http                             | Total                     | 227
app_layer.flow.tls                            | Total                     | 724
app_layer.error.tls.gap                       | Total                     | 13
app_layer.flow.dns_tcp                        | Total                     | 44
app_layer.tx.dns_tcp                          | Total                     | 88
app_layer.flow.ntp                            | Total                     | 12
app_layer.tx.ntp                              | Total                     | 18
app_layer.flow.quic                           | Total                     | 214
app_layer.tx.quic                             | Total                     | 1396
app_layer.flow.snmp                           | Total                     | 12
app_layer.tx.snmp                             | Total                     | 12
app_layer.flow.failed_tcp                     | Total                     | 2
app_layer.flow.dns_udp                        | Total                     | 1005
app_layer.tx.dns_udp                          | Total                     | 1738
app_layer.flow.failed_udp                     | Total                     | 69
flow.end.state.new                            | Total                     | 1100
flow.end.state.established                    | Total                     | 1172
flow.end.state.closed                         | Total                     | 528
flow.end.tcp_state.syn_sent                   | Total                     | 54
flow.end.tcp_state.established                | Total                     | 289
flow.end.tcp_state.fin_wait2                  | Total                     | 25
flow.end.tcp_state.time_wait                  | Total                     | 71
flow.end.tcp_state.last_ack                   | Total                     | 14
flow.end.tcp_state.close_wait                 | Total                     | 4
flow.end.tcp_state.closed                     | Total                     | 443
flow.end.tcp_liberal                          | Total                     | 13
flow.mgr.full_hash_pass                       | Total                     | 13
flow.mgr.rows_per_sec                         | Total                     | 9175
flow.spare                                    | Total                     | 10417
flow.mgr.rows_maxlen                          | Total                     | 3
flow.mgr.flows_checked                        | Total                     | 4599
flow.mgr.flows_notimeout                      | Total                     | 3459
flow.mgr.flows_timeout                        | Total                     | 1140
flow.mgr.flows_evicted                        | Total                     | 1140
flow.mgr.flows_evicted_needs_work             | Total                     | 323
memcap_pressure                               | Total                     | 14
memcap_pressure_max                           | Total                     | 14
flow.recycler.recycled                        | Total                     | 1992
flow.recycler.queue_max                       | Total                     | 850
tcp.memuse                                    | Total                     | 9961472
tcp.reassembly_memuse                         | Total                     | 1835008
flow.memuse                                   | Total                     | 7573504
